<?xml version="1.0" encoding="UTF-8"?>
<coverage generated="1690458016201" clover="3.2.0">
  <project timestamp="1690458016201" name="All files">
    <metrics statements="7" coveredstatements="7" conditionals="2" coveredconditionals="2" methods="6" coveredmethods="3" elements="15" coveredelements="12" complexity="0" loc="7" ncloc="7" packages="1" files="1" classes="1"/>
    <file name="getAllBooks.usecase.ts" path="C:\Users\nacho\Desktop\pruebas-tecnicas\pruebas\01-reading-list\NachoVBordera\src\usecases\getAllBooks.usecase.ts">
      <metrics statements="7" coveredstatements="7" conditionals="2" coveredconditionals="2" methods="6" coveredmethods="3"/>
      <line num="1" count="1" type="stmt"/>
      <line num="3" count="1" type="stmt"/>
      <line num="4" count="1" type="stmt"/>
      <line num="5" count="1" type="stmt"/>
      <line num="7" count="1" type="stmt"/>
      <line num="10" count="1" type="stmt"/>
      <line num="19" count="1" type="cond" truecount="2" falsecount="0"/>
    </file>
  </project>
</coverage>
