{"C:\\Users\\nacho\\Desktop\\pruebas-tecnicas\\pruebas\\01-reading-list\\NachoVBordera\\src\\usecases\\getAllBooks.usecase.ts": {"path":"C:\\Users\\nacho\\Desktop\\pruebas-tecnicas\\pruebas\\01-reading-list\\NachoVBordera\\src\\usecases\\getAllBooks.usecase.ts","statementMap":{"0":{"start":{"line":1,"column":0},"end":{"line":1,"column":49}},"1":{"start":{"line":3,"column":27},"end":{"line":8,"column":1}},"2":{"start":{"line":4,"column":19},"end":{"line":4,"column":24}},"3":{"start":{"line":5,"column":22},"end":{"line":5,"column":67}},"4":{"start":{"line":7,"column":2},"end":{"line":7,"column":18}},"5":{"start":{"line":10,"column":0},"end":{"line":12,"column":2}},"6":{"start":{"line":19,"column":38},"end":{"line":19,"column":36780}},"7":{"start":{"line":19,"column":42},"end":{"line":19,"column":36769}},"8":{"start":{"line":19,"column":36818},"end":{"line":19,"column":36858}},"9":{"start":{"line":19,"column":36822},"end":{"line":19,"column":36847}},"10":{"start":{"line":19,"column":36859},"end":{"line":19,"column":36868}},"11":{"start":{"line":19,"column":36869},"end":{"line":19,"column":36875}},"12":{"start":{"line":19,"column":36911},"end":{"line":19,"column":36953}},"13":{"start":{"line":19,"column":36915},"end":{"line":19,"column":36942}},"14":{"start":{"line":19,"column":36954},"end":{"line":19,"column":36963}},"15":{"start":{"line":19,"column":36964},"end":{"line":19,"column":36970}},"16":{"start":{"line":19,"column":36987},"end":{"line":19,"column":37024}},"17":{"start":{"line":19,"column":36991},"end":{"line":19,"column":37013}},"18":{"start":{"line":19,"column":37026},"end":{"line":19,"column":37032}},"19":{"start":{"line":19,"column":37049},"end":{"line":19,"column":37089}},"20":{"start":{"line":19,"column":37053},"end":{"line":19,"column":37078}},"21":{"start":{"line":19,"column":37091},"end":{"line":19,"column":37097}}},"fnMap":{"0":{"name":"(anonymous_6)","decl":{"start":{"line":3,"column":27},"end":{"line":3,"column":30}},"loc":{"start":{"line":3,"column":32},"end":{"line":8,"column":1}}},"1":{"name":"oo_cm","decl":{"start":{"line":19,"column":30},"end":{"line":19,"column":35}},"loc":{"start":{"line":19,"column":35},"end":{"line":19,"column":36781}}},"2":{"name":"oo_oo","decl":{"start":{"line":19,"column":36791},"end":{"line":19,"column":36796}},"loc":{"start":{"line":19,"column":36816},"end":{"line":19,"column":36868}}},"3":{"name":"oo_tr","decl":{"start":{"line":19,"column":36884},"end":{"line":19,"column":36889}},"loc":{"start":{"line":19,"column":36909},"end":{"line":19,"column":36963}}},"4":{"name":"oo_ts","decl":{"start":{"line":19,"column":36979},"end":{"line":19,"column":36984}},"loc":{"start":{"line":19,"column":36984},"end":{"line":19,"column":37025}}},"5":{"name":"oo_te","decl":{"start":{"line":19,"column":37041},"end":{"line":19,"column":37046}},"loc":{"start":{"line":19,"column":37046},"end":{"line":19,"column":37090}}}},"branchMap":{"0":{"loc":{"start":{"line":19,"column":49},"end":{"line":19,"column":36768}},"type":"binary-expr","locations":[{"start":{"line":19,"column":49},"end":{"line":19,"column":86}},{"start":{"line":19,"column":90},"end":{"line":19,"column":36768}}]}},"s":{"0":1,"1":1,"2":1,"3":1,"4":1,"5":1,"6":1,"7":1,"8":1,"9":1,"10":1,"11":1,"12":0,"13":0,"14":0,"15":1,"16":0,"17":0,"18":1,"19":0,"20":0,"21":1},"f":{"0":1,"1":1,"2":1,"3":0,"4":0,"5":0},"b":{"0":[1,1]}}
}
